生成启动时间为 2017/6/14 22:54:47。
     1>项目“C:\Users\asus\Desktop\DirOfDirs\专业课\高程\HW\课程设计二\superPlane\superPlane\superPlane.vcxproj”在节点 2 上(Build 个目标)。
     1>ClCompile:
         C:\Program Files (x86)\Microsoft Visual Studio 12.0\VC\bin\CL.exe /c /ZI /nologo /W3 /WX- /sdl /Od /Oy- /D WIN32 /D _WINDOWS /D _DEBUG /D _UNICODE /D UNICODE /D _AFXDLL /Gm /EHsc /RTC1 /MDd /GS /fp:precise /Zc:wchar_t /Zc:forScope /Yu"stdafx.h" /Fp"Debug\superPlane.pch" /Fo"Debug\\" /Fd"Debug\vc120.pdb" /Gd /TP /analyze- /errorReport:prompt superPlaneView.cpp
         superPlaneView.cpp
       Link:
         C:\Program Files (x86)\Microsoft Visual Studio 12.0\VC\bin\link.exe /ERRORREPORT:PROMPT /OUT:"C:\Users\asus\Desktop\DirOfDirs\专业课\高程\HW\课程设计二\superPlane\Debug\superPlane.exe" /INCREMENTAL /NOLOGO /MANIFEST /MANIFESTUAC:"level='asInvoker' uiAccess='false'" /manifest:embed /manifestinput:"C:\Program Files (x86)\Microsoft Visual Studio 12.0\VC\Include\Manifest\dpiaware.manifest" /DEBUG /PDB:"C:\Users\asus\Desktop\DirOfDirs\专业课\高程\HW\课程设计二\superPlane\Debug\superPlane.pdb" /SUBSYSTEM:WINDOWS /TLBID:1 /ENTRY:"wWinMainCRTStartup" /DYNAMICBASE /NXCOMPAT /IMPLIB:"C:\Users\asus\Desktop\DirOfDirs\专业课\高程\HW\课程设计二\superPlane\Debug\superPlane.lib" /MACHINE:X86 Debug\superPlane.res
         Debug\EnemyBoss.obj
         Debug\EnemyBullet.obj
         Debug\EnemyPlane.obj
         Debug\ExtraElement.obj
         Debug\GameElement.obj
         Debug\MainFrm.obj
         Debug\MeBullet.obj
         Debug\MePlane.obj
         Debug\stdafx.obj
         Debug\superPlane.obj
         Debug\superPlaneDoc.obj
         Debug\superPlaneView.obj
         superPlane.vcxproj -> C:\Users\asus\Desktop\DirOfDirs\专业课\高程\HW\课程设计二\superPlane\Debug\superPlane.exe
     1>已完成生成项目“C:\Users\asus\Desktop\DirOfDirs\专业课\高程\HW\课程设计二\superPlane\superPlane\superPlane.vcxproj”(Build 个目标)的操作。

生成成功。

已用时间 00:00:08.15
